<?xml version="1.0" encoding="UTF-8"?>
<testsuite xmlns:xsi="http://www.w3.org/2001/XMLSchema-instance" xsi:noNamespaceSchemaLocation="https://maven.apache.org/surefire/maven-surefire-plugin/xsd/surefire-test-report-3.0.xsd" version="3.0" name="project.TicTacToeModelEngineTest" time="0.292" tests="10" errors="0" skipped="0" failures="0">
  <properties>
[...]
</properties>
  <testcase name="testSequentialMoves" classname="project.TicTacToeModelEngineTest" time="0.07">
    <system-out><![CDATA[X - - 
- - - 
- - - 
X O - 
- - - 
- - - 
X O X 
- - - 
- - - 
]]></system-out>
  </testcase>
  <testcase name="testDraw" classname="project.TicTacToeModelEngineTest" time="0.042">
    <system-out><![CDATA[X - - 
- - - 
- - - 
X O - 
- - - 
- - - 
X O X 
- - - 
- - - 
X O X 
O - - 
- - - 
X O X 
O X - 
- - - 
X O X 
O X - 
- - O 
X O X 
O X X 
- - O 
X O X 
O X X 
O - O 
X O X 
O X X 
O X O 
]]></system-out>
  </testcase>
  <testcase name="testChangePlayerAfterValidMove" classname="project.TicTacToeModelEngineTest" time="0.008">
    <system-out><![CDATA[X - - 
- - - 
- - - 
X O - 
- - - 
- - - 
]]></system-out>
  </testcase>
  <testcase name="testWinningDiagonalFromTopLeft" classname="project.TicTacToeModelEngineTest" time="0.015">
    <system-out><![CDATA[X - - 
- - - 
- - - 
X O - 
- - - 
- - - 
X O - 
- X - 
- - - 
X O O 
- X - 
- - - 
X O O 
- X - 
- - X 
]]></system-out>
  </testcase>
  <testcase name="testOWinningScenario" classname="project.TicTacToeModelEngineTest" time="0.024">
    <system-out><![CDATA[X - - 
- - - 
- - - 
X - - 
O - - 
- - - 
X X - 
O - - 
- - - 
X X - 
O O - 
- - - 
X X X 
O O - 
- - - 
Cell is already occupied.
Cell is already occupied.
X X X 
O O - 
- - O 
X X X 
O O X 
- - O 
X X X 
O O X 
O - O 
X X X 
O O X 
O X O 
]]></system-out>
  </testcase>
  <testcase name="testIllegalCoordinates" classname="project.TicTacToeModelEngineTest" time="0.001"/>
  <testcase name="testXVictoryTopRow" classname="project.TicTacToeModelEngineTest" time="0.01">
    <system-out><![CDATA[X - - 
- - - 
- - - 
X - - 
- - - 
O - - 
X - - 
- X - 
O - - 
X - - 
- X - 
O O - 
X - - 
- X - 
O O X 
]]></system-out>
  </testcase>
  <testcase name="testWinningVerticalColumn" classname="project.TicTacToeModelEngineTest" time="0.012">
    <system-out><![CDATA[X - - 
- - - 
- - - 
X O - 
- - - 
- - - 
X O - 
X - - 
- - - 
X O - 
X O - 
- - - 
X O - 
X O - 
X - - 
]]></system-out>
  </testcase>
  <testcase name="testAttemptInvalidMove" classname="project.TicTacToeModelEngineTest" time="0.006">
    <system-out><![CDATA[X - - 
- - - 
- - - 
Cell is already occupied.
]]></system-out>
  </testcase>
  <testcase name="testCompleteDrawGame" classname="project.TicTacToeModelEngineTest" time="0.018">
    <system-out><![CDATA[X - - 
- - - 
- - - 
X O - 
- - - 
- - - 
X O X 
- - - 
- - - 
X O X 
O - - 
- - - 
X O X 
O X - 
- - - 
X O X 
O X - 
- - O 
X O X 
O X X 
- - O 
X O X 
O X X 
O - O 
X O X 
O X X 
O X O 
]]></system-out>
  </testcase>
</testsuite>